<?xml version="1.0" encoding="UTF-8"?>
<!-- Generated by org.testng.reporters.JUnitXMLReporter -->
<testsuite ignored="0" hostname="EC2AMAZ-S11DBRH" failures="1" tests="4" name="ModuleOneTest" time="32.673" errors="0" timestamp="2023-08-21T07:08:19 GMT">
  <testcase classname="testScripts.SampleOneTest" name="searchCypressTest" time="4.198">
    <skipped/>
  </testcase> <!-- searchCypressTest -->
  <testcase classname="testScripts.SampleOneTest" name="searchCypressTest" time="3.883">
    <skipped/>
  </testcase> <!-- searchCypressTest -->
  <testcase classname="testScripts.SampleOneTest" name="searchCypressTest" time="4.734">
    <skipped/>
  </testcase> <!-- searchCypressTest -->
  <testcase classname="testScripts.SampleOneTest" name="searchCypressTest" time="5.254">
    <failure type="java.lang.AssertionError" message="expected [Cypress Tutorial - Google Search Page] but found [Cypress Tutorial - Google Search]">
      <![CDATA[java.lang.AssertionError: expected [Cypress Tutorial - Google Search Page] but found [Cypress Tutorial - Google Search]
at testScripts.SampleOneTest.searchCypressTest(SampleOneTest.java:40)
at java.base/java.util.ArrayList.forEach(ArrayList.java:1511)
... Removed 33 stack frames]]>
    </failure>
  </testcase> <!-- searchCypressTest -->
</testsuite> <!-- ModuleOneTest -->
